{
  "RSpec": {
    "coverage": {
      "/Users/clare/Dropbox/projects/bookmark-manager/app.rb": [
        1,
        1,
        null,
        1,
        null,
        1,
        1,
        null,
        null,
        1,
        1,
        1,
        null,
        null,
        1,
        null
      ],
      "/Users/clare/Dropbox/projects/bookmark-manager/lib/bookmarks.rb": [
        1,
        null,
        1,
        null,
        1,
        2,
        2,
        8,
        null,
        null
      ],
      "/Users/clare/Dropbox/projects/bookmark-manager/spec/bookmarks_spec.rb": [
        1,
        null,
        1,
        null,
        null,
        1,
        1,
        1,
        1,
        1,
        null,
        null
      ],
      "/Users/clare/Dropbox/projects/bookmark-manager/spec/features/testing_infrastructure_spec.rb": [
        1,
        null,
        1,
        1,
        1,
        null,
        null,
        null
      ],
      "/Users/clare/Dropbox/projects/bookmark-manager/spec/features/viewing-bookmarks_spec.rb": [
        1,
        null,
        1,
        1,
        1,
        1,
        1,
        null,
        null,
        null
      ]
    },
    "timestamp": 1540220027
  }
}
